Action.c(196):     <div class="form-group"><select name="aip3a5rnexzdmcky" class="form-control"><option value
Action.c(196):     =""></option><option value="20128">20128</option><option value="3">aip3a5rnexzdmcky</optio
Action.c(196):     n><option value="26411">26411</option></select></div><input type="hidden" name="__timestam
Action.c(196):     p" value="1486584681"><input type="hidden" name="__secret" value="6887ae965d2d873f15869146
Action.c(196):     a4dfc1f90376de8b10e8dfed197b9d2dba757605"><hr><button type="submit" class="btn btn-default
Action.c(196):     ">Next</button></form>\n
Action.c(196):             </div>\n
Action.c(196):         </div>\n
Action.c(196):     </div>\n
Action.c(196):                 <div class="body-text radius-bottom border-top-gray">\n
Action.c(196):                     <div class="row">\n
Action.c(196):                         <div class="col-xs-8 text-left">\n
Action.c(196):                             <small class="text-muted">\xC2\xA9 2016 John Wiley & Sons, Perform
Action.c(196):     ance SQA Team</small>\n
Action.c(196):                         </div>\n
Action.c(196):                     </div>\n
Action.c(196):                 </div>\n
Action.c(196):             </div>\n
Action.c(196):         </div>\n
Action.c(196):         <link rel="stylesheet" type="text/css" href="/css/bootstrap-theme.min.css?v=1">\n
Action.c(196):         <link rel="stylesheet" type="text/css" href="/css/google.css?v=1">\n
Action.c(196):         <link rel="stylesheet" type="text/css" href="/css/app.css?v=1.0.1">\n
Action.c(196):         <script type="text/javascript" src="/js/jquery-1.12.3.min.js?v=1"></script>\n
Action.c(196):         <script type="text/javascript" src="/js/bootstrap.min.js?v=1"></script>\n
Action.c(196):         <script type="text/javascript" src="/js/dreamq.js?v=1.0"></script>\n
Action.c(196):     </body>\n
Action.c(196):     </html>
Action.c(196): Notify: Saving Parameter "Selectgroups_1 =  name="aip3a5rnexzdmcky" class="form-control"><option value=""></option><option value="20128">20128</option><option value="3">aip3a5rnexzdmcky</option><option value="26411">26411</option>".
Action.c(196): Resource "http://wiley.youplace.net/css/bootstrap.min.css" is in the cache already and will not be downloaded again  	[MsgId: MMSG-26655]
Action.c(196): Resource "http://wiley.youplace.net/css/bootstrap-theme.min.css?v=1" is in the cache already and will not be downloaded again  	[MsgId: MMSG-26655]
Action.c(196): Resource "http://wiley.youplace.net/css/google.css?v=1" is in the cache already and will not be downloaded again  	[MsgId: MMSG-26655]
Action.c(196): Resource "http://wiley.youplace.net/css/app.css?v=1.0.1" is in the cache already and will not be downloaded again  	[MsgId: MMSG-26655]
Action.c(196): Resource "http://wiley.youplace.net/js/jquery-1.12.3.min.js?v=1" is in the cache already and will not be downloaded again  	[MsgId: MMSG-26655]
Action.c(196): Resource "http://wiley.youplace.net/js/bootstrap.min.js?v=1" is in the cache already and will not be downloaded again  	[MsgId: MMSG-26655]
Action.c(196): Resource "http://wiley.youplace.net/js/dreamq.js?v=1.0" is in the cache already and will not be downloaded again  	[MsgId: MMSG-26655]
Action.c(196): t=3431680ms: Request done "http://wiley.youplace.net/quiz/question/18"  	[MsgId: MMSG-26000]
Action.c(196): Notify: Saving Parameter "__timestamp_1 = 1486584681".
Action.c(196): Notify: Saving Parameter "__secret_1 = 6887ae965d2d873f15869146a4dfc1f90376de8b10e8dfed197b9d2dba757605".
Action.c(196): Notify: Saving Parameter "Texts_1 = lfv42oca5w3ug".
Action.c(196): Notify: Saving Parameter "Textareas_1 = kjruv3ssfnc95cypd".
Action.c(196): Notify: Saving Parameter "Texts_count = 1".
Action.c(196): Notify: Saving Parameter "Textareas_count = 1".
Action.c(196): Notify: Saving Parameter "Selectgroups_count = 1".
Action.c(196): Warning -26377: No match found for the requested parameter "Radiogroups". Either the specified boundaries were not found in the response or the matched text is longer than current max html parameter size of 8192 bytes. The total length of the response is 1233 bytes. You can use "web_set_max_html_param_len" to increase the max parameter size.  	[MsgId: MWAR-26377]
Action.c(196): Notify: Saving Parameter "Radiogroups_count = 0".
Action.c(196): Warning -26377: No match found for the requested parameter "Checkboxgroups". Either the specified boundaries were not found in the response or the matched text is longer than current max html parameter size of 8192 bytes. The total length of the response is 1233 bytes. You can use "web_set_max_html_param_len" to increase the max parameter size.  	[MsgId: MWAR-26377]
Action.c(196): Notify: Saving Parameter "Checkboxgroups_count = 0".
Action.c(196): Registered web_reg_find successful for "Text=Congratulations, you've answered all the questions correctly!"  	[MsgId: MMSG-26362]
Action.c(196): Notify: Saving Parameter "Success_Count = 0".
Action.c(196): web_url("1") highest severity level was "warning", 1233 body bytes, 272 header bytes, 12 chunking overhead bytes  	[MsgId: MMSG-26387]
Action.c(203): Notify: Parameter Substitution: parameter "Success_Count" =  "0"
Action.c(213): Notify: Parameter Substitution: parameter "__timestamp_1" =  "1486584681"
Action.c(213): Notify: Saving Parameter "Body = __timestamp=1486584681".
Action.c(214): Notify: Parameter Substitution: parameter "Body" =  "__timestamp=1486584681"
Action.c(214): Notify: Parameter Substitution: parameter "__secret_1" =  "6887ae965d2d873f15869146a4dfc1f90376de8b10e8dfed197b9d2dba757605"
Action.c(214): Notify: Saving Parameter "Body = __timestamp=1486584681&__secret=6887ae965d2d873f15869146a4dfc1f90376de8b10e8dfed197b9d2dba757605".
Action.c(218): Notify: Parameter Substitution: parameter "Checkboxgroups_count" =  "0"
Action.c(257): Notify: Parameter Substitution: parameter "Radiogroups_count" =  "0"
Action.c(299): Notify: Parameter Substitution: parameter "Selectgroups_count" =  "1"
Action.c(303): Notify: Parameter Substitution: parameter "Selectgroups_1" =  " name="aip3a5rnexzdmcky" class="form-control"><option value=""></option><option value="20128">20128</option><option value="3">aip3a5rnexzdmcky</option><option value="26411">26411</option>"
Action.c(318): Notify: Saving Parameter "SelectName = aip3a5rnexzdmcky".
Action.c(332): Notify: Saving Parameter "SelectValue = 3".
Action.c(337): Notify: Parameter Substitution: parameter "Body" =  "__timestamp=1486584681&__secret=6887ae965d2d873f15869146a4dfc1f90376de8b10e8dfed197b9d2dba757605"
Action.c(337): Notify: Parameter Substitution: parameter "SelectName" =  "aip3a5rnexzdmcky"
Action.c(337): Notify: Parameter Substitution: parameter "SelectValue" =  "3"
Action.c(337): Notify: Saving Parameter "Body = __timestamp=1486584681&__secret=6887ae965d2d873f15869146a4dfc1f90376de8b10e8dfed197b9d2dba757605&aip3a5rnexzdmcky=3".
Action.c(299): Notify: Parameter Substitution: parameter "Selectgroups_count" =  "1"
Action.c(343): Notify: Parameter Substitution: parameter "Texts_count" =  "1"
Action.c(345): Notify: Parameter Substitution: parameter "Texts_1" =  "lfv42oca5w3ug"
Action.c(345): Notify: Saving Parameter "TextName = lfv42oca5w3ug".
Action.c(346): Notify: Saving Parameter "TextValue = short+text".
Action.c(348): Notify: Parameter Substitution: parameter "Body" =  "__timestamp=1486584681&__secret=6887ae965d2d873f15869146a4dfc1f90376de8b10e8dfed197b9d2dba757605&aip3a5rnexzdmcky=3"
Action.c(348): Notify: Parameter Substitution: parameter "TextName" =  "lfv42oca5w3ug"
Action.c(348): Notify: Parameter Substitution: parameter "TextValue" =  "short+text"
Action.c(348): Notify: Saving Parameter "Body = __timestamp=1486584681&__secret=6887ae965d2d873f15869146a4dfc1f90376de8b10e8dfed197b9d2dba757605&aip3a5rnexzdmcky=3&lfv42oca5w3ug=short+text".
Action.c(343): Notify: Parameter Substitution: parameter "Texts_count" =  "1"
Action.c(355): Notify: Parameter Substitution: parameter "Textareas_count" =  "1"
Action.c(357): Notify: Parameter Substitution: parameter "Textareas_1" =  "kjruv3ssfnc95cypd"
Action.c(357): Notify: Saving Parameter "TextareaName = kjruv3ssfnc95cypd".
Action.c(358): Notify: Saving Parameter "TextareaValue = large+text".
Action.c(360): Notify: Parameter Substitution: parameter "Body" =  "__timestamp=1486584681&__secret=6887ae965d2d873f15869146a4dfc1f90376de8b10e8dfed197b9d2dba757605&aip3a5rnexzdmcky=3&lfv42oca5w3ug=short+text"
Action.c(360): Notify: Parameter Substitution: parameter "TextareaName" =  "kjruv3ssfnc95cypd"
Action.c(360): Notify: Parameter Substitution: parameter "TextareaValue" =  "large+text"
Action.c(360): Notify: Saving Parameter "Body = __timestamp=1486584681&__secret=6887ae965d2d873f15869146a4dfc1f90376de8b10e8dfed197b9d2dba757605&aip3a5rnexzdmcky=3&lfv42oca5w3ug=short+text&kjruv3ssfnc95cypd=large+text".
Action.c(355): Notify: Parameter Substitution: parameter "Textareas_count" =  "1"
Action.c(365): lr_think_time: 3,00 seconds.
Action.c(368): web_reg_save_param_ex started  	[MsgId: MMSG-26355]
Action.c(368): Registering web_reg_save_param_ex was successful  	[MsgId: MMSG-26390]
Action.c(378): web_reg_find started  	[MsgId: MMSG-26355]
Action.c(378): Registering web_reg_find was successful  	[MsgId: MMSG-26390]
Action.c(384): web_custom_request("web_custom_request") started  	[MsgId: MMSG-26355]
Action.c(384): Notify: Parameter Substitution: parameter "Host" =  "http://wiley.youplace.net/quiz/question/18"
Action.c(384): Notify: Parameter Substitution: parameter "Body" =  "__timestamp=1486584681&__secret=6887ae965d2d873f15869146a4dfc1f90376de8b10e8dfed197b9d2dba757605&aip3a5rnexzdmcky=3&lfv42oca5w3ug=short+text&kjruv3ssfnc95cypd=large+text"
Action.c(384): t=3434780ms: Already connected [0] to wiley.youplace.net:80  	[MsgId: MMSG-26000]
Action.c(384): t=3434780ms: 482-byte request headers for "http://wiley.youplace.net/quiz/question/18" (RelFrameId=1, Internal ID=919)
Action.c(384):     POST /quiz/question/18 HTTP/1.1\r\n
Action.c(384):     Content-Type: application/x-www-form-urlencoded\r\n
Action.c(384):     Referer: http://wiley.youplace.net/quiz/question/18\r\n
Action.c(384):     User-Agent: Mozilla/5.0 (Windows) AppleWebKit/535.2 (KHTML, like Gecko) Chrome/15.0.860.0\r
Action.c(384):     \n
Action.c(384):     Accept-Encoding: gzip, deflate, sdch\r\n
Action.c(384):     Accept-Language: ru-RU,ru;q=0.8,en-US;q=0.6,en;q=0.4\r\n
Action.c(384):     Accept: */*\r\n
Action.c(384):     Connection: Keep-Alive\r\n
Action.c(384):     Host: wiley.youplace.net\r\n
Action.c(384):     Cookie: sid=e84679e9b6bcf09f63916e5e4f04ae543ebcce036f0776f97971b88bbf999842\r\n
Action.c(384):     Content-Length: 169\r\n
Action.c(384):     \r\n
Action.c(384): t=3434781ms: 169-byte request body for "http://wiley.youplace.net/quiz/question/18" (RelFrameId=1, Internal ID=919)
Action.c(384):     __timestamp=1486584681&__secret=6887ae965d2d873f15869146a4dfc1f90376de8b10e8dfed197b9d2dba
Action.c(384):     757605&aip3a5rnexzdmcky=3&lfv42oca5w3ug=short+text&kjruv3ssfnc95cypd=large+text
Action.c(384): t=3434828ms: 262-byte response headers for "http://wiley.youplace.net/quiz/question/18" (RelFrameId=1, Internal ID=919)
Action.c(384):     HTTP/1.1 200 OK\r\n
Action.c(384):     Server: nginx\r\n
Action.c(384):     Date: Wed, 08 Feb 2017 20:11:24 GMT\r\n
Action.c(384):     Content-Type: application/json; charset=UTF-8\r\n
Action.c(384):     Transfer-Encoding: chunked\r\n
Action.c(384):     Connection: keep-alive\r\n
Action.c(384):     Vary: Accept-Encoding\r\n
Action.c(384):     Cache-Control: private, max-age=0, no-cache\r\n
Action.c(384):     Content-Encoding: gzip\r\n
Action.c(384):     \r\n
Action.c(384): t=3434844ms: 4-byte chunked response overhead for "http://wiley.youplace.net/quiz/question/18" (RelFrameId=1, Internal ID=919)
Action.c(384):     3d\r\n
Action.c(384): t=3434844ms: 7-byte chunked response overhead for "http://wiley.youplace.net/quiz/question/18" (RelFrameId=1, Internal ID=919)
Action.c(384):     \r\n
Action.c(384):     0\r\n
Action.c(384):     \r\n
Action.c(384): t=3434845ms: 61-byte ENCODED response body received for "http://wiley.youplace.net/quiz/question/18" (RelFrameId=1, Internal ID=919)
Action.c(384): t=3434845ms: 45-byte DECODED response body for "http://wiley.youplace.net/quiz/question/18" (RelFrameId=1, Internal ID=919)
Action.c(384):     ["redirect","\\/quiz\\/question\\/submit",false]
Action.c(384): Notify: Saving Parameter "Redirect = \/quiz\/question\/submit".
Action.c(384): t=3434867ms: Request done "http://wiley.youplace.net/quiz/question/18"  	[MsgId: MMSG-26000]
Action.c(384): Registered web_reg_find successful for "Text=Some field has wrong value"  	[MsgId: MMSG-26362]
Action.c(384): Notify: Saving Parameter "Error_Count = 0".
Action.c(384): web_custom_request("web_custom_request") was successful, 61 body bytes, 262 header bytes, 11 chunking overhead bytes  	[MsgId: MMSG-26385]
Action.c(395): Notify: Parameter Substitution: parameter "Error_Count" =  "0"
Action.c(404): Notify: Parameter Substitution: parameter "Redirect" =  "\/quiz\/question\/submit"
Action.c(414): Notify: Saving Parameter "Host = http://wiley.youplace.net/quiz/question/submit".
Action.c(113): web_reg_save_param_regexp started  	[MsgId: MMSG-26355]
Action.c(113): Registering web_reg_save_param_regexp was successful  	[MsgId: MMSG-26390]
Action.c(123): web_reg_save_param_regexp started  	[MsgId: MMSG-26355]
Action.c(123): Registering web_reg_save_param_regexp was successful  	[MsgId: MMSG-26390]
Action.c(133): web_reg_save_param_regexp started  	[MsgId: MMSG-26355]
Action.c(133): Registering web_reg_save_param_regexp was successful  	[MsgId: MMSG-26390]
Action.c(144): web_reg_save_param_regexp started  	[MsgId: MMSG-26355]
Action.c(144): Registering web_reg_save_param_regexp was successful  	[MsgId: MMSG-26390]
Action.c(155): web_reg_save_param_ex started  	[MsgId: MMSG-26355]
Action.c(155): Registering web_reg_save_param_ex was successful  	[MsgId: MMSG-26390]
Action.c(166): web_reg_save_param_ex started  	[MsgId: MMSG-26355]
Action.c(166): Registering web_reg_save_param_ex was successful  	[MsgId: MMSG-26390]
Action.c(177): web_reg_save_param_ex started  	[MsgId: MMSG-26355]
Action.c(177): Registering web_reg_save_param_ex was successful  	[MsgId: MMSG-26390]
Action.c(188): web_reg_find started  	[MsgId: MMSG-26355]
Action.c(188): Registering web_reg_find was successful  	[MsgId: MMSG-26390]
Action.c(193): lr_think_time: 3,00 seconds.
Action.c(196): web_url("1") started  	[MsgId: MMSG-26355]
Action.c(196): Notify: Parameter Substitution: parameter "Host" =  "http://wiley.youplace.net/quiz/question/submit"
Action.c(196): t=3437899ms: Already connected [0] to wiley.youplace.net:80  	[MsgId: MMSG-26000]
Action.c(196): t=3437899ms: 415-byte request headers for "http://wiley.youplace.net/quiz/question/submit" (RelFrameId=1, Internal ID=920)
Action.c(196):     GET /quiz/question/submit HTTP/1.1\r\n
Action.c(196):     Referer: http://wiley.youplace.net/quiz/question/18\r\n
Action.c(196):     User-Agent: Mozilla/5.0 (Windows) AppleWebKit/535.2 (KHTML, like Gecko) Chrome/15.0.860.0\r
Action.c(196):     \n
Action.c(196):     Accept-Encoding: gzip, deflate, sdch\r\n
Action.c(196):     Accept-Language: ru-RU,ru;q=0.8,en-US;q=0.6,en;q=0.4\r\n
Action.c(196):     Accept: */*\r\n
Action.c(196):     Connection: Keep-Alive\r\n
Action.c(196):     Host: wiley.youplace.net\r\n
Action.c(196):     Cookie: sid=e84679e9b6bcf09f63916e5e4f04ae543ebcce036f0776f97971b88bbf999842\r\n
Action.c(196):     \r\n
Action.c(196): t=3437954ms: 272-byte response headers for "http://wiley.youplace.net/quiz/question/submit" (RelFrameId=1, Internal ID=920)
Action.c(196):     HTTP/1.1 200 OK\r\n
Action.c(196):     Server: nginx\r\n
Action.c(196):     Date: Wed, 08 Feb 2017 20:11:27 GMT\r\n
Action.c(196):     Content-Type: text/html; charset=UTF-8\r\n
Action.c(196):     Transfer-Encoding: chunked\r\n
Action.c(196):     Connection: keep-alive\r\n
Action.c(196):     Vary: Accept-Encoding\r\n
Action.c(196):     Cache-Control: private, max-age=0, no-cache\r\n
Action.c(196):     X-Cache: BYPASS\r\n
Action.c(196):     Content-Encoding: gzip\r\n
Action.c(196):     \r\n
Action.c(196): t=3437963ms: 5-byte chunked response overhead for "http://wiley.youplace.net/quiz/question/submit" (RelFrameId=1, Internal ID=920)
Action.c(196):     3ad\r\n
Action.c(196): t=3437963ms: 7-byte chunked response overhead for "http://wiley.youplace.net/quiz/question/submit" (RelFrameId=1, Internal ID=920)
Action.c(196):     \r\n
Action.c(196):     0\r\n
Action.c(196):     \r\n
Action.c(196): t=3437964ms: 941-byte ENCODED response body received for "http://wiley.youplace.net/quiz/question/submit" (RelFrameId=1, Internal ID=920)
Action.c(196): t=3437965ms: 2686-byte DECODED response body for "http://wiley.youplace.net/quiz/question/submit" (RelFrameId=1, Internal ID=920)
Action.c(196):     <!DOCTYPE html>\n
Action.c(196):     <html lang="en">\n
Action.c(196):     <head>\n
Action.c(196):     <meta charset="utf-8">\n
Action.c(196):     <meta http-equiv="X-UA-Compatible" content="IE=edge">\n
Action.c(196):     <meta name="viewport" content="width=device-width, initial-scale=1">\n
Action.c(196):     <link rel="stylesheet" type="text/css" href="/css/bootstrap.min.css">\n
Action.c(196):     <!--[if lt IE 9]>\n
Action.c(196):         <script src="https://oss.maxcdn.com/html5shiv/3.7.2/html5shiv.min.js"></script>\n
Action.c(196):         <script src="https://oss.maxcdn.com/libs/respond.js/1.4.2/respond.min.js"></script>\n
Action.c(196):     <![endif]-->\n
Action.c(196):     <link rel="shortcut icon" href="/favicon.ico" type="image/x-icon">\n
Action.c(196):     <title>Result Page</title>\n
Action.c(196):     </head>\n
Action.c(196):     <body>\n
Action.c(196):         <div class="container">\n
Action.c(196):             <div class="page">\n
Action.c(196):                 <nav class="navbar navbar-inverse">\n
Action.c(196):                     <div class="navbar-header">\n
Action.c(196):                         <button type="button" class="navbar-toggle collapsed" data-toggle="col
Action.c(196):     lapse" data-target="#bs-example-navbar-collapse-1" aria-expanded="false">\n
Action.c(196):                             <span class="sr-only">Toggle navigation</span>\n
Action.c(196):                             <span class="icon-bar"></span>\n
Action.c(196):                             <span class="icon-bar"></span>\n
Action.c(196):                             <span class="icon-bar"></span>\n
Action.c(196):                         </button>\n
Action.c(196):                         <a class="navbar-brand" href="/"><span class="text-white">Performance 
Action.c(196):     Task</span></a>\n
Action.c(196):                     </div>\n
Action.c(196):                     <div class="collapse navbar-collapse" id="bs-example-navbar-collapse-1">\n
Action.c(196):                         <ul class="nav navbar-nav navbar-right">\n
Action.c(196):                             <li><a href="/"><span class="glyphicon glyphicon-home" aria-hidden
Action.c(196):     ="true"></span></a></li>\n
Action.c(196):                             <li><a href="/quiz">Quiz</a></li>\n
Action.c(196):                         </ul>\n
Action.c(196):                     </div>\n
Action.c(196):                 </nav>\n
Action.c(196):                 <div class="body-text min-height">\n
Action.c(196):         <div class="page-header">\n
Action.c(196):             <h1>Quiz Results</h1>\n
Action.c(196):         </div>\n
Action.c(196):         <p>Congratulations, you've answered all the questions correctly!</p>\n
Action.c(196):     </div>\n
Action.c(196):                 <div class="body-text radius-bottom border-top-gray">\n
Action.c(196):                     <div class="row">\n
Action.c(196):                         <div class="col-xs-8 text-left">\n
Action.c(196):                             <small class="text-muted">\xC2\xA9 2016 John Wiley & Sons, Perform
Action.c(196):     ance SQA Team</small>\n
Action.c(196):                         </div>\n
Action.c(196):                     </div>\n
Action.c(196):                 </div>\n
Action.c(196):             </div>\n
Action.c(196):         </div>\n
Action.c(196):         <link rel="stylesheet" type="text/css" href="/css/bootstrap-theme.min.css?v=1">\n
Action.c(196):         <link rel="stylesheet" type="text/css" href="/css/google.css?v=1">\n
Action.c(196):         <link rel="stylesheet" type="text/css" href="/css/app.css?v=1.0.1">\n
Action.c(196):         <script type="text/javascript" src="/js/jquery-1.12.3.min.js?v=1"></script>\n
Action.c(196):         <script type="text/javascript" src="/js/bootstrap.min.js?v=1"></script>\n
Action.c(196):         <script type="text/javascript" src="/js/dreamq.js?v=1.0"></script>\n
Action.c(196):     </body>\n
Action.c(196):     </html>
Action.c(196): Resource "http://wiley.youplace.net/css/bootstrap.min.css" is in the cache already and will not be downloaded again  	[MsgId: MMSG-26655]
Action.c(196): Resource "http://wiley.youplace.net/css/bootstrap-theme.min.css?v=1" is in the cache already and will not be downloaded again  	[MsgId: MMSG-26655]
Action.c(196): Resource "http://wiley.youplace.net/css/google.css?v=1" is in the cache already and will not be downloaded again  	[MsgId: MMSG-26655]
Action.c(196): Resource "http://wiley.youplace.net/css/app.css?v=1.0.1" is in the cache already and will not be downloaded again  	[MsgId: MMSG-26655]
Action.c(196): Resource "http://wiley.youplace.net/js/jquery-1.12.3.min.js?v=1" is in the cache already and will not be downloaded again  	[MsgId: MMSG-26655]
Action.c(196): Resource "http://wiley.youplace.net/js/bootstrap.min.js?v=1" is in the cache already and will not be downloaded again  	[MsgId: MMSG-26655]
Action.c(196): Resource "http://wiley.youplace.net/js/dreamq.js?v=1.0" is in the cache already and will not be downloaded again  	[MsgId: MMSG-26655]
Action.c(196): t=3437972ms: Request done "http://wiley.youplace.net/quiz/question/submit"  	[MsgId: MMSG-26000]
Action.c(196): Notify: Saving Parameter "__timestamp_1 = ".
Action.c(196): Warning -35049: No match found for the requested parameter "__timestamp_1". Check whether the requested regular expression exists in the response data  	[MsgId: MWAR-35049]
Action.c(196): Notify: Saving Parameter "__secret_1 = ".
Action.c(196): Warning -35049: No match found for the requested parameter "__secret_1". Check whether the requested regular expression exists in the response data  	[MsgId: MWAR-35049]
Action.c(196): Warning -35049: No match found for the requested parameter "Texts". Check whether the requested regular expression exists in the response data  	[MsgId: MWAR-35049]
Action.c(196): Notify: Saving Parameter "Texts_count = 0".
Action.c(196): Warning -35049: No match found for the requested parameter "Textareas". Check whether the requested regular expression exists in the response data  	[MsgId: MWAR-35049]
Action.c(196): Notify: Saving Parameter "Textareas_count = 0".
Action.c(196): Warning -26377: No match found for the requested parameter "Selectgroups". Either the specified boundaries were not found in the response or the matched text is longer than current max html parameter size of 8192 bytes. The total length of the response is 941 bytes. You can use "web_set_max_html_param_len" to increase the max parameter size.  	[MsgId: MWAR-26377]
Action.c(196): Notify: Saving Parameter "Selectgroups_count = 0".
Action.c(196): Warning -26377: No match found for the requested parameter "Radiogroups". Either the specified boundaries were not found in the response or the matched text is longer than current max html parameter size of 8192 bytes. The total length of the response is 941 bytes. You can use "web_set_max_html_param_len" to increase the max parameter size.  	[MsgId: MWAR-26377]
Action.c(196): Notify: Saving Parameter "Radiogroups_count = 0".
Action.c(196): Warning -26377: No match found for the requested parameter "Checkboxgroups". Either the specified boundaries were not found in the response or the matched text is longer than current max html parameter size of 8192 bytes. The total length of the response is 941 bytes. You can use "web_set_max_html_param_len" to increase the max parameter size.  	[MsgId: MWAR-26377]
Action.c(196): Notify: Saving Parameter "Checkboxgroups_count = 0".
Action.c(196): Registered web_reg_find successful for "Text=Congratulations, you've answered all the questions correctly!" (count=1)  	[MsgId: MMSG-26364]
Action.c(196): Notify: Saving Parameter "Success_Count = 1".
Action.c(196): web_url("1") highest severity level was "warning", 941 body bytes, 272 header bytes, 12 chunking overhead bytes  	[MsgId: MMSG-26387]
Action.c(203): Notify: Parameter Substitution: parameter "Success_Count" =  "1"
Action.c(207): Sucess!
Ending action Action.
Ending iteration 10.
Ending Vuser...
Starting action vuser_end.
Ending action vuser_end.
Vuser Terminated.
t=3438071ms: Closed connection [0] to wiley.youplace.net:80 after completing 59 request(s)  	[MsgId: MMSG-26000]
HTML-Mode memory management statistics: Reusable=2, NonReusable=0, CsMemBlockSize=4096, checks disabled  	[MsgId: MMSG-26000]
Vuser 0 (thread 14996), ended OK."
